<?xml version="1.0" encoding="UTF-8"?>
<!-- Generated by org.testng.reporters.JUnitReportReporter -->
<testsuite hostname="WJLP-3098" failures="0" tests="1" name="pages.LoginPageTest" time="40.693" errors="0" timestamp="2023-04-24T16:31:19 IST" skipped="0">
  <testcase classname="pages.LoginPageTest" name="signIn" time="40.693"/>
  <system-out/>
</testsuite> <!-- pages.LoginPageTest -->
